<?xml version="1.0" encoding="UTF-8"?>
<!-- Generated by org.testng.reporters.JUnitXMLReporter -->
<testsuite hostname="PU-NB-MSIN" ignored="0" name="Default test" tests="3" failures="0" timestamp="17 Feb 2019 06:50:06 GMT" time="36.869" errors="0">
  <testcase name="loginPageTitleTest" time="0.08" classname="com.freecrm.framework.testcases.LoginPageTest"/>
  <testcase name="loginPageLogoTest" time="0.088" classname="com.freecrm.framework.testcases.LoginPageTest"/>
  <testcase name="loginTest" time="7.039" classname="com.freecrm.framework.testcases.LoginPageTest"/>
</testsuite> <!-- Default test -->
