<?xml version="1.0" encoding="UTF-8"?>
<!-- Generated by org.testng.reporters.JUnitXMLReporter -->
<testsuite hostname="PU-NB-MSIN" ignored="0" name="Default test" tests="3" failures="0" timestamp="20 Feb 2019 11:50:36 GMT" time="94.408" errors="0">
  <testcase name="test001_fillNewContactsForm" time="19.58" classname="com.freecrm.framework.testcases.ContactsTest"/>
  <testcase name="test001_fillNewContactsForm" time="19.314" classname="com.freecrm.framework.testcases.ContactsTest"/>
  <testcase name="test001_fillNewContactsForm" time="19.166" classname="com.freecrm.framework.testcases.ContactsTest"/>
</testsuite> <!-- Default test -->
