<?xml version="1.0" encoding="UTF-8"?>
<testng-results skipped="0" failed="0" ignored="0" total="3" passed="3">
  <reporter-output>
  </reporter-output>
  <suite name="FreeCRM Test Suite" duration-ms="51675" started-at="2019-02-24T18:29:31Z" finished-at="2019-02-24T18:30:23Z">
    <groups>
    </groups>
    <test name="Free CRM Test" duration-ms="51675" started-at="2019-02-24T18:29:31Z" finished-at="2019-02-24T18:30:23Z">
      <class name="com.freecrm.framework.testcases.LoginPageTest">
        <test-method status="PASS" signature="setUp()[pri:0, instance:com.freecrm.framework.testcases.LoginPageTest@5bcea91b]" name="setUp" is-config="true" duration-ms="12812" started-at="2019-02-24T18:29:31Z" finished-at="2019-02-24T18:29:44Z">
          <reporter-output>
          </reporter-output>
        </test-method> <!-- setUp -->
        <test-method status="PASS" signature="loginPageTitleTest()[pri:1, instance:com.freecrm.framework.testcases.LoginPageTest@5bcea91b]" name="loginPageTitleTest" duration-ms="25" started-at="2019-02-24T18:29:44Z" finished-at="2019-02-24T18:29:44Z">
          <reporter-output>
          </reporter-output>
        </test-method> <!-- loginPageTitleTest -->
        <test-method status="PASS" signature="tearDown()[pri:0, instance:com.freecrm.framework.testcases.LoginPageTest@5bcea91b]" name="tearDown" is-config="true" duration-ms="690" started-at="2019-02-24T18:29:44Z" finished-at="2019-02-24T18:29:44Z">
          <reporter-output>
          </reporter-output>
        </test-method> <!-- tearDown -->
        <test-method status="PASS" signature="setUp()[pri:0, instance:com.freecrm.framework.testcases.LoginPageTest@5bcea91b]" name="setUp" is-config="true" duration-ms="12359" started-at="2019-02-24T18:29:44Z" finished-at="2019-02-24T18:29:57Z">
          <reporter-output>
          </reporter-output>
        </test-method> <!-- setUp -->
        <test-method status="PASS" signature="loginPageLogoTest()[pri:2, instance:com.freecrm.framework.testcases.LoginPageTest@5bcea91b]" name="loginPageLogoTest" duration-ms="68" started-at="2019-02-24T18:29:57Z" finished-at="2019-02-24T18:29:57Z">
          <reporter-output>
          </reporter-output>
        </test-method> <!-- loginPageLogoTest -->
        <test-method status="PASS" signature="tearDown()[pri:0, instance:com.freecrm.framework.testcases.LoginPageTest@5bcea91b]" name="tearDown" is-config="true" duration-ms="664" started-at="2019-02-24T18:29:57Z" finished-at="2019-02-24T18:29:58Z">
          <reporter-output>
          </reporter-output>
        </test-method> <!-- tearDown -->
        <test-method status="PASS" signature="setUp()[pri:0, instance:com.freecrm.framework.testcases.LoginPageTest@5bcea91b]" name="setUp" is-config="true" duration-ms="11204" started-at="2019-02-24T18:29:58Z" finished-at="2019-02-24T18:30:09Z">
          <reporter-output>
          </reporter-output>
        </test-method> <!-- setUp -->
        <test-method status="PASS" signature="loginToCRMTest()[pri:3, instance:com.freecrm.framework.testcases.LoginPageTest@5bcea91b]" name="loginToCRMTest" duration-ms="13140" started-at="2019-02-24T18:30:09Z" finished-at="2019-02-24T18:30:22Z">
          <reporter-output>
          </reporter-output>
        </test-method> <!-- loginToCRMTest -->
        <test-method status="PASS" signature="tearDown()[pri:0, instance:com.freecrm.framework.testcases.LoginPageTest@5bcea91b]" name="tearDown" is-config="true" duration-ms="684" started-at="2019-02-24T18:30:22Z" finished-at="2019-02-24T18:30:23Z">
          <reporter-output>
          </reporter-output>
        </test-method> <!-- tearDown -->
      </class> <!-- com.freecrm.framework.testcases.LoginPageTest -->
    </test> <!-- Free CRM Test -->
  </suite> <!-- FreeCRM Test Suite -->
</testng-results>
