<?xml version="1.0" encoding="UTF-8"?>
<testng-results skipped="0" failed="0" ignored="0" total="5" passed="5">
  <reporter-output>
  </reporter-output>
  <suite name="FreeCRM Test Suite" duration-ms="67453" started-at="2019-02-19T11:26:15Z" finished-at="2019-02-19T11:27:22Z">
    <groups>
    </groups>
    <test name="Free CRM Test" duration-ms="67453" started-at="2019-02-19T11:26:15Z" finished-at="2019-02-19T11:27:22Z">
      <class name="com.freecrm.framework.testcases.HomePageTest">
        <test-method status="PASS" signature="setUp()[pri:0, instance:com.freecrm.framework.testcases.HomePageTest@9a7504c]" name="setUp" is-config="true" duration-ms="8195" started-at="2019-02-19T11:26:24Z" finished-at="2019-02-19T11:26:33Z">
          <reporter-output>
          </reporter-output>
        </test-method> <!-- setUp -->
        <test-method status="PASS" signature="homePageTitleTest()[pri:1, instance:com.freecrm.framework.testcases.HomePageTest@9a7504c]" name="homePageTitleTest" duration-ms="6837" started-at="2019-02-19T11:26:33Z" finished-at="2019-02-19T11:26:39Z">
          <reporter-output>
          </reporter-output>
        </test-method> <!-- homePageTitleTest -->
        <test-method status="PASS" signature="tearDown()[pri:0, instance:com.freecrm.framework.testcases.HomePageTest@9a7504c]" name="tearDown" is-config="true" duration-ms="688" started-at="2019-02-19T11:26:39Z" finished-at="2019-02-19T11:26:40Z">
          <reporter-output>
          </reporter-output>
        </test-method> <!-- tearDown -->
        <test-method status="PASS" signature="setUp()[pri:0, instance:com.freecrm.framework.testcases.HomePageTest@9a7504c]" name="setUp" is-config="true" duration-ms="7674" started-at="2019-02-19T11:26:48Z" finished-at="2019-02-19T11:26:56Z">
          <reporter-output>
          </reporter-output>
        </test-method> <!-- setUp -->
        <test-method status="PASS" signature="homePageLogoTest()[pri:2, instance:com.freecrm.framework.testcases.HomePageTest@9a7504c]" name="homePageLogoTest" duration-ms="7680" started-at="2019-02-19T11:26:56Z" finished-at="2019-02-19T11:27:04Z">
          <reporter-output>
          </reporter-output>
        </test-method> <!-- homePageLogoTest -->
        <test-method status="PASS" signature="tearDown()[pri:0, instance:com.freecrm.framework.testcases.HomePageTest@9a7504c]" name="tearDown" is-config="true" duration-ms="669" started-at="2019-02-19T11:27:04Z" finished-at="2019-02-19T11:27:04Z">
          <reporter-output>
          </reporter-output>
        </test-method> <!-- tearDown -->
      </class> <!-- com.freecrm.framework.testcases.HomePageTest -->
      <class name="com.freecrm.framework.testcases.LoginPageTest">
        <test-method status="PASS" signature="setUp()[pri:0, instance:com.freecrm.framework.testcases.LoginPageTest@3e57cd70]" name="setUp" is-config="true" duration-ms="8984" started-at="2019-02-19T11:26:15Z" finished-at="2019-02-19T11:26:24Z">
          <reporter-output>
          </reporter-output>
        </test-method> <!-- setUp -->
        <test-method status="PASS" signature="loginPageTitleTest()[pri:1, instance:com.freecrm.framework.testcases.LoginPageTest@3e57cd70]" name="loginPageTitleTest" duration-ms="18" started-at="2019-02-19T11:26:24Z" finished-at="2019-02-19T11:26:24Z">
          <reporter-output>
          </reporter-output>
        </test-method> <!-- loginPageTitleTest -->
        <test-method status="PASS" signature="tearDown()[pri:0, instance:com.freecrm.framework.testcases.LoginPageTest@3e57cd70]" name="tearDown" is-config="true" duration-ms="778" started-at="2019-02-19T11:26:24Z" finished-at="2019-02-19T11:26:24Z">
          <reporter-output>
          </reporter-output>
        </test-method> <!-- tearDown -->
        <test-method status="PASS" signature="setUp()[pri:0, instance:com.freecrm.framework.testcases.LoginPageTest@3e57cd70]" name="setUp" is-config="true" duration-ms="7353" started-at="2019-02-19T11:26:40Z" finished-at="2019-02-19T11:26:48Z">
          <reporter-output>
          </reporter-output>
        </test-method> <!-- setUp -->
        <test-method status="PASS" signature="loginPageLogoTest()[pri:2, instance:com.freecrm.framework.testcases.LoginPageTest@3e57cd70]" name="loginPageLogoTest" duration-ms="60" started-at="2019-02-19T11:26:48Z" finished-at="2019-02-19T11:26:48Z">
          <reporter-output>
          </reporter-output>
        </test-method> <!-- loginPageLogoTest -->
        <test-method status="PASS" signature="tearDown()[pri:0, instance:com.freecrm.framework.testcases.LoginPageTest@3e57cd70]" name="tearDown" is-config="true" duration-ms="677" started-at="2019-02-19T11:26:48Z" finished-at="2019-02-19T11:26:48Z">
          <reporter-output>
          </reporter-output>
        </test-method> <!-- tearDown -->
        <test-method status="PASS" signature="setUp()[pri:0, instance:com.freecrm.framework.testcases.LoginPageTest@3e57cd70]" name="setUp" is-config="true" duration-ms="7595" started-at="2019-02-19T11:27:04Z" finished-at="2019-02-19T11:27:12Z">
          <reporter-output>
          </reporter-output>
        </test-method> <!-- setUp -->
        <test-method status="PASS" signature="loginToCRMTest()[pri:3, instance:com.freecrm.framework.testcases.LoginPageTest@3e57cd70]" name="loginToCRMTest" duration-ms="9477" started-at="2019-02-19T11:27:12Z" finished-at="2019-02-19T11:27:21Z">
          <reporter-output>
          </reporter-output>
        </test-method> <!-- loginToCRMTest -->
        <test-method status="PASS" signature="tearDown()[pri:0, instance:com.freecrm.framework.testcases.LoginPageTest@3e57cd70]" name="tearDown" is-config="true" duration-ms="718" started-at="2019-02-19T11:27:21Z" finished-at="2019-02-19T11:27:22Z">
          <reporter-output>
          </reporter-output>
        </test-method> <!-- tearDown -->
      </class> <!-- com.freecrm.framework.testcases.LoginPageTest -->
    </test> <!-- Free CRM Test -->
  </suite> <!-- FreeCRM Test Suite -->
</testng-results>
