<?xml version="1.0" encoding="UTF-8"?>
<!-- Generated by org.testng.reporters.JUnitXMLReporter -->
<testsuite hostname="PU-NB-MSIN" ignored="0" name="LoginPageTest" tests="3" failures="0" timestamp="17 Feb 2019 13:55:22 GMT" time="43.629" errors="0">
  <testcase name="loginPageTitleTest" time="0.028" classname="com.freecrm.framework.testcases.LoginPageTest"/>
  <testcase name="loginPageLogoTest" time="0.041" classname="com.freecrm.framework.testcases.LoginPageTest"/>
  <testcase name="loginTest" time="13.12" classname="com.freecrm.framework.testcases.LoginPageTest"/>
</testsuite> <!-- LoginPageTest -->
