<?xml version="1.0" encoding="UTF-8"?>
<!-- Generated by org.testng.reporters.JUnitXMLReporter -->
<testsuite hostname="PU-NB-MSIN" ignored="0" name="Free CRM Test" tests="5" failures="0" timestamp="19 Feb 2019 11:27:22 GMT" time="67.453" errors="0">
  <testcase name="loginPageTitleTest" time="0.018" classname="com.freecrm.framework.testcases.LoginPageTest"/>
  <testcase name="homePageTitleTest" time="6.837" classname="com.freecrm.framework.testcases.HomePageTest"/>
  <testcase name="loginPageLogoTest" time="0.06" classname="com.freecrm.framework.testcases.LoginPageTest"/>
  <testcase name="homePageLogoTest" time="7.68" classname="com.freecrm.framework.testcases.HomePageTest"/>
  <testcase name="loginToCRMTest" time="9.477" classname="com.freecrm.framework.testcases.LoginPageTest"/>
</testsuite> <!-- Free CRM Test -->
