<?xml version="1.0" encoding="UTF-8"?>
<!-- Generated by org.testng.reporters.JUnitXMLReporter -->
<testsuite hostname="Manpreet" ignored="0" name="Free CRM Test" tests="4" failures="0" timestamp="06 Mar 2019 16:37:29 GMT" time="167.971" errors="0">
  <testcase name="test001_fillNewContactsForm" time="28.409" classname="com.freecrm.framework.testcases.ContactsTest"/>
  <testcase name="test001_fillNewContactsForm" time="23.424" classname="com.freecrm.framework.testcases.ContactsTest"/>
  <testcase name="test001_fillNewContactsForm" time="31.294" classname="com.freecrm.framework.testcases.ContactsTest"/>
  <testcase name="test001_fillNewContactsForm" time="23.29" classname="com.freecrm.framework.testcases.ContactsTest"/>
</testsuite> <!-- Free CRM Test -->
